*** Starting uWSGI 2.0.10 (64bit) on [Thu Dec  3 22:40:28 2015] ***
compiled with version: 4.2.1 Compatible Apple LLVM 6.0 (clang-600.0.56) on 23 June 2015 16:36:13
os: Darwin-15.0.0 Darwin Kernel Version 15.0.0: Sat Sep 19 15:53:46 PDT 2015; root:xnu-3247.10.11~1/RELEASE_X86_64
nodename: kklt.local
machine: x86_64
clock source: unix
detected number of CPU cores: 4
current working directory: /Users/kklt/Python/new/project
detected binary path: /usr/local/bin/uwsgi
!!! no internal routing support, rebuild with pcre support !!!
chdir() to /Users/kklt/Python/new/project
*** WARNING: you are running uWSGI without its master process manager ***
your processes number limit is 709
your memory page size is 4096 bytes
detected max file descriptor number: 256
lock engine: OSX spinlocks
thunder lock: disabled (you can enable it with --thunder-lock)
uwsgi socket 0 bound to TCP address :8000 fd 3
Python version: 2.7.10 (default, Aug 22 2015, 20:33:39)  [GCC 4.2.1 Compatible Apple LLVM 7.0.0 (clang-700.0.59.1)]
*** Python threads support is disabled. You can enable it with --enable-threads ***
Python main interpreter initialized at 0x7ff659e00ac0
your server socket listen backlog is limited to 100 connections
your mercy for graceful operations on workers is 60 seconds
mapped 291040 bytes (284 KB) for 4 cores
*** Operational MODE: preforking ***
WSGI app 0 (mountpoint='') ready in 1 seconds on interpreter 0x7ff659e00ac0 pid: 6744 (default app)
spawned uWSGI worker 1 (pid: 6744, cores: 1)
spawned uWSGI worker 2 (pid: 6754, cores: 1)
spawned uWSGI worker 3 (pid: 6755, cores: 1)
spawned uWSGI worker 4 (pid: 6756, cores: 1)
*** Starting uWSGI 2.0.10 (64bit) on [Thu Dec  3 22:44:29 2015] ***
compiled with version: 4.2.1 Compatible Apple LLVM 6.0 (clang-600.0.56) on 23 June 2015 16:36:13
os: Darwin-15.0.0 Darwin Kernel Version 15.0.0: Sat Sep 19 15:53:46 PDT 2015; root:xnu-3247.10.11~1/RELEASE_X86_64
nodename: kklt.local
machine: x86_64
clock source: unix
detected number of CPU cores: 4
current working directory: /Users/kklt/Python/new/project
detected binary path: /usr/local/bin/uwsgi
!!! no internal routing support, rebuild with pcre support !!!
chdir() to /Users/kklt/Python/new/project
*** WARNING: you are running uWSGI without its master process manager ***
your processes number limit is 709
your memory page size is 4096 bytes
detected max file descriptor number: 256
lock engine: OSX spinlocks
thunder lock: disabled (you can enable it with --thunder-lock)
probably another instance of uWSGI is running on the same address (:8000).
bind(): Address already in use [core/socket.c line 764]
*** Starting uWSGI 2.0.10 (64bit) on [Thu Dec  3 22:47:01 2015] ***
compiled with version: 4.2.1 Compatible Apple LLVM 6.0 (clang-600.0.56) on 23 June 2015 16:36:13
os: Darwin-15.0.0 Darwin Kernel Version 15.0.0: Sat Sep 19 15:53:46 PDT 2015; root:xnu-3247.10.11~1/RELEASE_X86_64
nodename: kklt.local
machine: x86_64
clock source: unix
detected number of CPU cores: 4
current working directory: /Users/kklt/Python/new/project
detected binary path: /usr/local/bin/uwsgi
!!! no internal routing support, rebuild with pcre support !!!
chdir() to /Users/kklt/Python/new/project
your processes number limit is 709
your memory page size is 4096 bytes
detected max file descriptor number: 256
lock engine: OSX spinlocks
thunder lock: disabled (you can enable it with --thunder-lock)
probably another instance of uWSGI is running on the same address (127.0.0.1:8000).
bind(): Address already in use [core/socket.c line 764]
*** Starting uWSGI 2.0.10 (64bit) on [Thu Dec  3 22:51:53 2015] ***
compiled with version: 4.2.1 Compatible Apple LLVM 6.0 (clang-600.0.56) on 23 June 2015 16:36:13
os: Darwin-15.0.0 Darwin Kernel Version 15.0.0: Sat Sep 19 15:53:46 PDT 2015; root:xnu-3247.10.11~1/RELEASE_X86_64
nodename: kklt.local
machine: x86_64
clock source: unix
detected number of CPU cores: 4
current working directory: /Users/kklt/Python/new/project
detected binary path: /usr/local/bin/uwsgi
!!! no internal routing support, rebuild with pcre support !!!
chdir() to /Users/kklt/Python/new/project
your processes number limit is 709
your memory page size is 4096 bytes
detected max file descriptor number: 256
lock engine: OSX spinlocks
thunder lock: disabled (you can enable it with --thunder-lock)
uwsgi socket 0 bound to TCP address 127.0.0.1:8000 fd 3
Python version: 2.7.10 (default, Aug 22 2015, 20:33:39)  [GCC 4.2.1 Compatible Apple LLVM 7.0.0 (clang-700.0.59.1)]
*** Python threads support is disabled. You can enable it with --enable-threads ***
Python main interpreter initialized at 0x7fa1796016e0
your server socket listen backlog is limited to 100 connections
your mercy for graceful operations on workers is 60 seconds
mapped 800360 bytes (781 KB) for 10 cores
*** Operational MODE: preforking ***
WSGI app 0 (mountpoint='') ready in 1 seconds on interpreter 0x7fa1796016e0 pid: 631 (default app)
spawned uWSGI master process (pid: 631)
spawned uWSGI worker 1 (pid: 641, cores: 1)
spawned uWSGI worker 2 (pid: 642, cores: 1)
spawned uWSGI worker 3 (pid: 643, cores: 1)
spawned uWSGI worker 4 (pid: 644, cores: 1)
spawned uWSGI worker 5 (pid: 645, cores: 1)
spawned uWSGI worker 6 (pid: 646, cores: 1)
spawned uWSGI worker 7 (pid: 647, cores: 1)
spawned uWSGI worker 8 (pid: 648, cores: 1)
spawned uWSGI worker 9 (pid: 649, cores: 1)
spawned uWSGI worker 10 (pid: 650, cores: 1)
*** Starting uWSGI 2.0.10 (64bit) on [Thu Dec  3 23:00:00 2015] ***
compiled with version: 4.2.1 Compatible Apple LLVM 6.0 (clang-600.0.56) on 23 June 2015 16:36:13
os: Darwin-15.0.0 Darwin Kernel Version 15.0.0: Sat Sep 19 15:53:46 PDT 2015; root:xnu-3247.10.11~1/RELEASE_X86_64
nodename: kklt.local
machine: x86_64
clock source: unix
detected number of CPU cores: 4
current working directory: /Users/kklt/Python/new/project
detected binary path: /usr/local/bin/uwsgi
!!! no internal routing support, rebuild with pcre support !!!
chdir() to /Users/kklt/Python/new/project
your processes number limit is 709
your memory page size is 4096 bytes
detected max file descriptor number: 256
lock engine: OSX spinlocks
thunder lock: disabled (you can enable it with --thunder-lock)
probably another instance of uWSGI is running on the same address (127.0.0.1:8000).
bind(): Address already in use [core/socket.c line 764]
*** Starting uWSGI 2.0.10 (64bit) on [Thu Dec  3 23:00:57 2015] ***
compiled with version: 4.2.1 Compatible Apple LLVM 6.0 (clang-600.0.56) on 23 June 2015 16:36:13
os: Darwin-15.0.0 Darwin Kernel Version 15.0.0: Sat Sep 19 15:53:46 PDT 2015; root:xnu-3247.10.11~1/RELEASE_X86_64
nodename: kklt.local
machine: x86_64
clock source: unix
detected number of CPU cores: 4
current working directory: /Users/kklt/Python/new/project
detected binary path: /usr/local/bin/uwsgi
!!! no internal routing support, rebuild with pcre support !!!
uWSGI running as root, you can use --uid/--gid/--chroot options
*** WARNING: you are running uWSGI as root !!! (use the --uid flag) *** 
chdir() to /Users/kklt/Python/new/project
your processes number limit is 709
your memory page size is 4096 bytes
detected max file descriptor number: 256
lock engine: OSX spinlocks
thunder lock: disabled (you can enable it with --thunder-lock)
probably another instance of uWSGI is running on the same address (127.0.0.1:8000).
bind(): Address already in use [core/socket.c line 764]
*** Starting uWSGI 2.0.10 (64bit) on [Thu Dec  3 23:08:34 2015] ***
compiled with version: 4.2.1 Compatible Apple LLVM 6.0 (clang-600.0.56) on 23 June 2015 16:36:13
os: Darwin-15.0.0 Darwin Kernel Version 15.0.0: Sat Sep 19 15:53:46 PDT 2015; root:xnu-3247.10.11~1/RELEASE_X86_64
nodename: kklt.local
machine: x86_64
clock source: unix
detected number of CPU cores: 4
current working directory: /Users/kklt/Python/new/project
detected binary path: /usr/local/bin/uwsgi
!!! no internal routing support, rebuild with pcre support !!!
uWSGI running as root, you can use --uid/--gid/--chroot options
*** WARNING: you are running uWSGI as root !!! (use the --uid flag) *** 
chdir() to /Users/kklt/Python/new/project
your processes number limit is 709
your memory page size is 4096 bytes
detected max file descriptor number: 256
lock engine: OSX spinlocks
thunder lock: disabled (you can enable it with --thunder-lock)
probably another instance of uWSGI is running on the same address (127.0.0.1:8000).
bind(): Address already in use [core/socket.c line 764]
*** Starting uWSGI 2.0.10 (64bit) on [Thu Dec  3 23:14:04 2015] ***
compiled with version: 4.2.1 Compatible Apple LLVM 6.0 (clang-600.0.56) on 23 June 2015 16:36:13
os: Darwin-15.0.0 Darwin Kernel Version 15.0.0: Sat Sep 19 15:53:46 PDT 2015; root:xnu-3247.10.11~1/RELEASE_X86_64
nodename: kklt.local
machine: x86_64
clock source: unix
detected number of CPU cores: 4
current working directory: /Users/kklt/Python/new/project
detected binary path: /usr/local/bin/uwsgi
!!! no internal routing support, rebuild with pcre support !!!
chdir() to /Users/kklt/Python/new/project
your processes number limit is 709
your memory page size is 4096 bytes
detected max file descriptor number: 256
lock engine: OSX spinlocks
thunder lock: disabled (you can enable it with --thunder-lock)
probably another instance of uWSGI is running on the same address (127.0.0.1:8000).
bind(): Address already in use [core/socket.c line 764]
*** Starting uWSGI 2.0.10 (64bit) on [Thu Dec  3 23:16:48 2015] ***
compiled with version: 4.2.1 Compatible Apple LLVM 6.0 (clang-600.0.56) on 23 June 2015 16:36:13
os: Darwin-15.0.0 Darwin Kernel Version 15.0.0: Sat Sep 19 15:53:46 PDT 2015; root:xnu-3247.10.11~1/RELEASE_X86_64
nodename: kklt.local
machine: x86_64
clock source: unix
detected number of CPU cores: 4
current working directory: /Users/kklt/Python/new/project
detected binary path: /usr/local/bin/uwsgi
!!! no internal routing support, rebuild with pcre support !!!
chdir() to /Users/kklt/Python/new/project
your processes number limit is 709
your memory page size is 4096 bytes
detected max file descriptor number: 256
lock engine: OSX spinlocks
thunder lock: disabled (you can enable it with --thunder-lock)
uwsgi socket 0 bound to UNIX address /Users/kklt/Python/new/project/new.sock fd 3
Python version: 2.7.10 (default, Aug 22 2015, 20:33:39)  [GCC 4.2.1 Compatible Apple LLVM 7.0.0 (clang-700.0.59.1)]
*** Python threads support is disabled. You can enable it with --enable-threads ***
Python main interpreter initialized at 0x7fd712c0a0c0
your server socket listen backlog is limited to 100 connections
your mercy for graceful operations on workers is 60 seconds
mapped 800360 bytes (781 KB) for 10 cores
*** Operational MODE: preforking ***
WSGI app 0 (mountpoint='') ready in 1 seconds on interpreter 0x7fd712c0a0c0 pid: 1297 (default app)
spawned uWSGI master process (pid: 1297)
spawned uWSGI worker 1 (pid: 1307, cores: 1)
spawned uWSGI worker 2 (pid: 1308, cores: 1)
spawned uWSGI worker 3 (pid: 1309, cores: 1)
spawned uWSGI worker 4 (pid: 1310, cores: 1)
spawned uWSGI worker 5 (pid: 1311, cores: 1)
spawned uWSGI worker 6 (pid: 1312, cores: 1)
spawned uWSGI worker 7 (pid: 1313, cores: 1)
spawned uWSGI worker 8 (pid: 1314, cores: 1)
spawned uWSGI worker 9 (pid: 1315, cores: 1)
spawned uWSGI worker 10 (pid: 1316, cores: 1)
[pid: 1315|app: 0|req: 1/1] 10.183.39.11 () {40 vars in 715 bytes} [Thu Dec  3 15:16:53 2015] GET / => generated 1767 bytes in 39 msecs (HTTP/1.1 200) 2 headers in 73 bytes (1 switches on core 0)
[pid: 1316|app: 0|req: 1/2] 10.183.39.11 () {42 vars in 694 bytes} [Thu Dec  3 15:16:53 2015] GET /favicon.ico => generated 1940 bytes in 24 msecs (HTTP/1.1 404) 2 headers in 80 bytes (2 switches on core 0)
...brutally killing workers...
...brutally killing workers...
worker 10 buried after 1 seconds
worker 9 buried after 1 seconds
worker 8 buried after 1 seconds
worker 7 buried after 1 seconds
worker 6 buried after 1 seconds
worker 5 buried after 1 seconds
worker 4 buried after 1 seconds
worker 3 buried after 1 seconds
worker 2 buried after 1 seconds
worker 1 buried after 1 seconds
binary reloading uWSGI...
chdir() to /Users/kklt/Python/new/project
closing all non-uwsgi socket fds > 2 (max_fd = 256)...
found fd 3 mapped to socket 0 (/Users/kklt/Python/new/project/new.sock)
running /usr/local/bin/uwsgi
[uWSGI] getting INI configuration from new.ini
*** Starting uWSGI 2.0.10 (64bit) on [Thu Dec  3 16:10:51 2015] ***
compiled with version: 4.2.1 Compatible Apple LLVM 6.0 (clang-600.0.56) on 23 June 2015 16:36:13
os: Darwin-15.0.0 Darwin Kernel Version 15.0.0: Sat Sep 19 15:53:46 PDT 2015; root:xnu-3247.10.11~1/RELEASE_X86_64
nodename: kklt.local
machine: x86_64
clock source: unix
detected number of CPU cores: 4
current working directory: /Users/kklt/Python/new/project
detected binary path: /usr/local/bin/uwsgi
!!! no internal routing support, rebuild with pcre support !!!
chdir() to /Users/kklt/Python/new/project
your processes number limit is 709
your memory page size is 4096 bytes
detected max file descriptor number: 256
lock engine: OSX spinlocks
thunder lock: disabled (you can enable it with --thunder-lock)
uwsgi socket 0 bound to UNIX address /Users/kklt/Python/new/project/new.sock fd 3
Python version: 2.7.10 (default, Aug 22 2015, 20:33:39)  [GCC 4.2.1 Compatible Apple LLVM 7.0.0 (clang-700.0.59.1)]
*** Python threads support is disabled. You can enable it with --enable-threads ***
Python main interpreter initialized at 0x7f9089c09d00
your server socket listen backlog is limited to 100 connections
your mercy for graceful operations on workers is 60 seconds
mapped 800360 bytes (781 KB) for 10 cores
*** Operational MODE: preforking ***
worker 10 buried after 1 seconds
worker 9 buried after 1 seconds
worker 8 buried after 1 seconds
worker 7 buried after 1 seconds
worker 6 buried after 1 seconds
worker 5 buried after 1 seconds
worker 4 buried after 1 seconds
worker 3 buried after 1 seconds
worker 2 buried after 1 seconds
worker 1 buried after 1 seconds
binary reloading uWSGI...
chdir() to /Users/kklt/Python/new/project
closing all non-uwsgi socket fds > 2 (max_fd = 256)...
found fd 3 mapped to socket 0 (127.0.0.1:8000)
running /usr/local/bin/uwsgi
[uWSGI] getting INI configuration from new.ini
*** Starting uWSGI 2.0.10 (64bit) on [Thu Dec  3 16:10:51 2015] ***
compiled with version: 4.2.1 Compatible Apple LLVM 6.0 (clang-600.0.56) on 23 June 2015 16:36:13
os: Darwin-15.0.0 Darwin Kernel Version 15.0.0: Sat Sep 19 15:53:46 PDT 2015; root:xnu-3247.10.11~1/RELEASE_X86_64
nodename: kklt.local
machine: x86_64
clock source: unix
detected number of CPU cores: 4
current working directory: /Users/kklt/Python/new/project
detected binary path: /usr/local/bin/uwsgi
!!! no internal routing support, rebuild with pcre support !!!
chdir() to /Users/kklt/Python/new/project
your processes number limit is 709
your memory page size is 4096 bytes
detected max file descriptor number: 256
lock engine: OSX spinlocks
thunder lock: disabled (you can enable it with --thunder-lock)
uwsgi socket 0 bound to UNIX address /Users/kklt/Python/new/project/new.sock fd 3
Python version: 2.7.10 (default, Aug 22 2015, 20:33:39)  [GCC 4.2.1 Compatible Apple LLVM 7.0.0 (clang-700.0.59.1)]
*** Python threads support is disabled. You can enable it with --enable-threads ***
Python main interpreter initialized at 0x7fa9b0409ce0
your server socket listen backlog is limited to 100 connections
your mercy for graceful operations on workers is 60 seconds
mapped 800360 bytes (781 KB) for 10 cores
*** Operational MODE: preforking ***
WSGI app 0 (mountpoint='') ready in 0 seconds on interpreter 0x7f9089c09d00 pid: 1297 (default app)
gracefully (RE)spawned uWSGI master process (pid: 1297)
spawned uWSGI worker 1 (pid: 1548, cores: 1)
spawned uWSGI worker 2 (pid: 1549, cores: 1)
spawned uWSGI worker 3 (pid: 1550, cores: 1)
spawned uWSGI worker 4 (pid: 1551, cores: 1)
spawned uWSGI worker 5 (pid: 1552, cores: 1)
spawned uWSGI worker 6 (pid: 1553, cores: 1)
spawned uWSGI worker 7 (pid: 1554, cores: 1)
spawned uWSGI worker 8 (pid: 1555, cores: 1)
spawned uWSGI worker 9 (pid: 1556, cores: 1)
spawned uWSGI worker 10 (pid: 1557, cores: 1)
WSGI app 0 (mountpoint='') ready in 0 seconds on interpreter 0x7fa9b0409ce0 pid: 631 (default app)
gracefully (RE)spawned uWSGI master process (pid: 631)
spawned uWSGI worker 1 (pid: 1558, cores: 1)
spawned uWSGI worker 2 (pid: 1559, cores: 1)
spawned uWSGI worker 3 (pid: 1560, cores: 1)
spawned uWSGI worker 4 (pid: 1561, cores: 1)
spawned uWSGI worker 5 (pid: 1562, cores: 1)
spawned uWSGI worker 6 (pid: 1563, cores: 1)
spawned uWSGI worker 7 (pid: 1564, cores: 1)
spawned uWSGI worker 8 (pid: 1565, cores: 1)
spawned uWSGI worker 9 (pid: 1566, cores: 1)
spawned uWSGI worker 10 (pid: 1567, cores: 1)
